<?xml version="1.0" encoding="UTF-8"?>
<!-- Generated by org.testng.reporters.JUnitXMLReporter -->
<testsuite ignored="4" hostname="LAPTOP-SQBD1KF4" failures="0" tests="1" name="Default test" time="26.714" errors="0" timestamp="2023-01-03T11:03:14 IST">
  <testcase classname="TestCases.LoginPageTest" name="verifyOrangeHrmLoginLogoTest" time="0.063"/>
  <testcase classname="TestCases.LoginPageTest" name="verifyCompanyBrandingLogoTest" time="0.0">
    <ignored/>
  </testcase> <!-- verifyCompanyBrandingLogoTest -->
  <testcase classname="TestCases.LoginPageTest" name="loginToAppTest" time="0.0">
    <ignored/>
  </testcase> <!-- loginToAppTest -->
  <testcase classname="TestCases.LoginPageTest" name="verifyURLTest" time="0.0">
    <ignored/>
  </testcase> <!-- verifyURLTest -->
  <testcase classname="TestCases.LoginPageTest" name="verifyTitleTest" time="0.0">
    <ignored/>
  </testcase> <!-- verifyTitleTest -->
</testsuite> <!-- Default test -->
