<?xml version="1.0" encoding="UTF-8"?>
<testng-results ignored="4" total="5" passed="1" failed="0" skipped="0">
  <reporter-output>
  </reporter-output>
  <suite started-at="2023-01-03T11:02:47 IST" name="Default suite" finished-at="2023-01-03T11:03:14 IST" duration-ms="26714">
    <groups>
    </groups>
    <test started-at="2023-01-03T11:02:47 IST" name="Default test" finished-at="2023-01-03T11:03:14 IST" duration-ms="26714">
      <class name="TestCases.LoginPageTest">
        <test-method is-config="true" signature="setup()[pri:0, instance:TestCases.LoginPageTest@31e5415e]" started-at="2023-01-03T11:02:47 IST" name="setup" finished-at="2023-01-03T11:02:58 IST" duration-ms="10341" status="PASS">
          <reporter-output>
          </reporter-output>
        </test-method> <!-- setup -->
        <test-method signature="verifyOrangeHrmLoginLogoTest()[pri:0, instance:TestCases.LoginPageTest@31e5415e]" started-at="2023-01-03T11:02:58 IST" name="verifyOrangeHrmLoginLogoTest" finished-at="2023-01-03T11:02:58 IST" duration-ms="63" status="PASS">
          <reporter-output>
          </reporter-output>
        </test-method> <!-- verifyOrangeHrmLoginLogoTest -->
        <test-method is-config="true" signature="closeBrowser()[pri:0, instance:TestCases.LoginPageTest@31e5415e]" started-at="2023-01-03T11:02:58 IST" name="closeBrowser" finished-at="2023-01-03T11:03:14 IST" duration-ms="16283" status="PASS">
          <reporter-output>
          </reporter-output>
        </test-method> <!-- closeBrowser -->
      </class> <!-- TestCases.LoginPageTest -->
    </test> <!-- Default test -->
  </suite> <!-- Default suite -->
</testng-results>
